Content-Type: multipart/alternative;
 boundary="===============2937868438837458569=="
MIME-Version: 1.0
Subject: Profile activation
From: test@example.com
To: stazenith@outlook.com
Date: Wed, 13 Mar 2024 02:04:28 -0000
Message-ID: <171029546860.32428.5774263388345562998@DESKTOP-F6SA31E>

--===============2937868438837458569==
Content-Type: text/plain; charset="utf-8"
MIME-Version: 1.0
Content-Transfer-Encoding: 7bit



To activate your profile, please follow this link:

http://localhost:8000/accounts/activate/bfCfWZfhEk4BncNqSS1P/

--===============2937868438837458569==
Content-Type: text/html; charset="utf-8"
MIME-Version: 1.0
Content-Transfer-Encoding: 7bit



<!DOCTYPE html PUBLIC "-//W3C//DTD XHTML 1.0 Transitional//EN"
        "http://www.w3.org/TR/xhtml1/DTD/xhtml1-transitional.dtd">
<html xmlns="http://www.w3.org/1999/xhtml">
<head>
    <meta http-equiv="Content-Type" content="text/html; charset=UTF-8"/>
    <title>Profile activation</title>
    <meta name="viewport" content="width=device-width, initial-scale=1.0"/>
</head>

<body>

<p>
    To activate your profile, please follow this link:
</p>

<p>
    <a href="http://localhost:8000/accounts/activate/bfCfWZfhEk4BncNqSS1P/">http://localhost:8000/accounts/activate/bfCfWZfhEk4BncNqSS1P/</a>
</p>

</body>

</html>

--===============2937868438837458569==--

-------------------------------------------------------------------------------
